Build started 2015-11-26 23:36:27.
     1>Project "D:\Dokumenty\GitHub\MPKSyncWorks\Synchronizacja\Synchronizacja\Synchronizacja.vcxproj" on node 2 (Build target(s)).
     1>ClCompile:
         C:\Program Files (x86)\Microsoft Visual Studio 12.0\VC\bin\CL.exe /c /ZI /nologo /W3 /WX- /sdl /Od /Oy- /D _MBCS /Gm /EHsc /RTC1 /MDd /GS /fp:precise /Zc:wchar_t /Zc:forScope /Fo"Debug\\" /Fd"Debug\vc120.pdb" /Gd /TP /analyze- /errorReport:prompt przystanek.cpp
         przystanek.cpp
       Link:
         C:\Program Files (x86)\Microsoft Visual Studio 12.0\VC\bin\link.exe /ERRORREPORT:PROMPT /OUT:"D:\Dokumenty\GitHub\MPKSyncWorks\Synchronizacja\Debug\Synchronizacja.exe" /INCREMENTAL /NOLOGO kernel32.lib user32.lib gdi32.lib winspool.lib comdlg32.lib advapi32.lib shell32.lib ole32.lib oleaut32.lib uuid.lib odbc32.lib odbccp32.lib /MANIFEST /MANIFESTUAC:"level='asInvoker' uiAccess='false'" /manifest:embed /DEBUG /PDB:"D:\Dokumenty\GitHub\MPKSyncWorks\Synchronizacja\Debug\Synchronizacja.pdb" /TLBID:1 /DYNAMICBASE /NXCOMPAT /IMPLIB:"D:\Dokumenty\GitHub\MPKSyncWorks\Synchronizacja\Debug\Synchronizacja.lib" /MACHINE:X86 Debug\CfileLine.obj
         Debug\grupa.obj
         Debug\individual.obj
         Debug\KnotNet.obj
         Debug\kombinacje.obj
         Debug\Line.obj
         Debug\main.obj
         Debug\mpolaczen.obj
         Debug\przystanek.obj
         Debug\_func.obj
         Debug\_slaves.obj
         Synchronizacja.vcxproj -> D:\Dokumenty\GitHub\MPKSyncWorks\Synchronizacja\Debug\Synchronizacja.exe
     1>Done Building Project "D:\Dokumenty\GitHub\MPKSyncWorks\Synchronizacja\Synchronizacja\Synchronizacja.vcxproj" (Build target(s)).

Build succeeded.

Time Elapsed 00:00:08.15
