d:\dokumenty\github\mpksyncworks\synchronizacja\synchronizacja\debug\vc120.pdb
d:\dokumenty\github\mpksyncworks\synchronizacja\synchronizacja\debug\vc120.idb
d:\dokumenty\github\mpksyncworks\synchronizacja\synchronizacja\debug\cfileline.obj
d:\dokumenty\github\mpksyncworks\synchronizacja\synchronizacja\debug\grupa.obj
d:\dokumenty\github\mpksyncworks\synchronizacja\synchronizacja\debug\individual.obj
d:\dokumenty\github\mpksyncworks\synchronizacja\synchronizacja\debug\knotnet.obj
d:\dokumenty\github\mpksyncworks\synchronizacja\synchronizacja\debug\kombinacje.obj
d:\dokumenty\github\mpksyncworks\synchronizacja\synchronizacja\debug\line.obj
d:\dokumenty\github\mpksyncworks\synchronizacja\synchronizacja\debug\main.obj
d:\dokumenty\github\mpksyncworks\synchronizacja\synchronizacja\debug\mpolaczen.obj
d:\dokumenty\github\mpksyncworks\synchronizacja\synchronizacja\debug\przystanek.obj
d:\dokumenty\github\mpksyncworks\synchronizacja\synchronizacja\debug\_func.obj
d:\dokumenty\github\mpksyncworks\synchronizacja\synchronizacja\debug\_slaves.obj
d:\dokumenty\github\mpksyncworks\synchronizacja\debug\synchronizacja.ilk
d:\dokumenty\github\mpksyncworks\synchronizacja\debug\synchronizacja.exe
d:\dokumenty\github\mpksyncworks\synchronizacja\debug\synchronizacja.pdb
d:\dokumenty\github\mpksyncworks\synchronizacja\synchronizacja\debug\synchronizacja.tlog\cl.command.1.tlog
d:\dokumenty\github\mpksyncworks\synchronizacja\synchronizacja\debug\synchronizacja.tlog\cl.read.1.tlog
d:\dokumenty\github\mpksyncworks\synchronizacja\synchronizacja\debug\synchronizacja.tlog\cl.write.1.tlog
d:\dokumenty\github\mpksyncworks\synchronizacja\synchronizacja\debug\synchronizacja.tlog\link.command.1.tlog
d:\dokumenty\github\mpksyncworks\synchronizacja\synchronizacja\debug\synchronizacja.tlog\link.read.1.tlog
d:\dokumenty\github\mpksyncworks\synchronizacja\synchronizacja\debug\synchronizacja.tlog\link.write.1.tlog
