Build started 2015-11-27 00:08:36.
     1>Project "D:\Dokumenty\GitHub\MPKSyncWorks\Synchronizacja\Synchronizacja\Synchronizacja.vcxproj" on node 2 (Build target(s)).
     1>ClCompile:
         C:\Program Files (x86)\Microsoft Visual Studio 12.0\VC\bin\CL.exe /c /Zi /nologo /W3 /WX- /sdl /O2 /Oi /Oy- /GL /D _MBCS /Gm- /EHsc /MD /GS /Gy /fp:precise /Zc:wchar_t /Zc:forScope /Fo"Release\\" /Fd"Release\vc120.pdb" /Gd /TP /analyze- /errorReport:prompt _func.cpp
         _func.cpp
       Link:
         C:\Program Files (x86)\Microsoft Visual Studio 12.0\VC\bin\link.exe /ERRORREPORT:PROMPT /OUT:"D:\Dokumenty\GitHub\MPKSyncWorks\Synchronizacja\Release\Synchronizacja.exe" /NOLOGO kernel32.lib user32.lib gdi32.lib winspool.lib comdlg32.lib advapi32.lib shell32.lib ole32.lib oleaut32.lib uuid.lib odbc32.lib odbccp32.lib /MANIFEST /MANIFESTUAC:"level='asInvoker' uiAccess='false'" /manifest:embed /DEBUG /PDB:"D:\Dokumenty\GitHub\MPKSyncWorks\Synchronizacja\Release\Synchronizacja.pdb" /OPT:REF /OPT:ICF /LTCG /TLBID:1 /DYNAMICBASE /NXCOMPAT /IMPLIB:"D:\Dokumenty\GitHub\MPKSyncWorks\Synchronizacja\Release\Synchronizacja.lib" /MACHINE:X86 /SAFESEH Release\CfileLine.obj
         Release\grupa.obj
         Release\individual.obj
         Release\KnotNet.obj
         Release\kombinacje.obj
         Release\Line.obj
         Release\main.obj
         Release\mpolaczen.obj
         Release\przystanek.obj
         Release\_func.obj
         Release\_slaves.obj
         Generating code
         Finished generating code
         Synchronizacja.vcxproj -> D:\Dokumenty\GitHub\MPKSyncWorks\Synchronizacja\Release\Synchronizacja.exe
     1>Done Building Project "D:\Dokumenty\GitHub\MPKSyncWorks\Synchronizacja\Synchronizacja\Synchronizacja.vcxproj" (Build target(s)).

Build succeeded.

Time Elapsed 00:00:06.77
